Using pre-set license
Built from '2021.3/staging' branch; Version is '2021.3.15f1 (e8e88683f834) revision 15263878'; Using compiler version '192829333'; Build Type 'Release'
OS: 'Windows 11  (10.0.22621) 64bit CoreSingleLanguage' Language: 'pt' Physical Memory: 7549 MB
BatchMode: 1, IsHumanControllingUs: 0, StartBugReporterOnCrash: 0, Is64bit: 1, IsPro: 1

COMMAND LINE ARGUMENTS:
C:\Program Files\Unity\Hub\Editor\2021.3.15f1\Editor\Unity.exe
-adb2
-batchMode
-noUpm
-name
AssetImportWorker0
-projectPath
C:/Users/giuli/GitHub/GameDev/ProjetoFerias_07_23/ProjetoFerias_1
-logFile
Logs/AssetImportWorker0.log
-srvPort
55524
Successfully changed project path to: C:/Users/giuli/GitHub/GameDev/ProjetoFerias_07_23/ProjetoFerias_1
C:/Users/giuli/GitHub/GameDev/ProjetoFerias_07_23/ProjetoFerias_1
[UnityMemory] Configuration Parameters - Can be set up in boot.config
    "memorysetup-bucket-allocator-granularity=16"
    "memorysetup-bucket-allocator-bucket-count=8"
    "memorysetup-bucket-allocator-block-size=33554432"
    "memorysetup-bucket-allocator-block-count=8"
    "memorysetup-main-allocator-block-size=16777216"
    "memorysetup-thread-allocator-block-size=16777216"
    "memorysetup-gfx-main-allocator-block-size=16777216"
    "memorysetup-gfx-thread-allocator-block-size=16777216"
    "memorysetup-cache-allocator-block-size=4194304"
    "memorysetup-typetree-allocator-block-size=2097152"
    "memorysetup-profiler-bucket-allocator-granularity=16"
    "memorysetup-profiler-bucket-allocator-bucket-count=8"
    "memorysetup-profiler-bucket-allocator-block-size=33554432"
    "memorysetup-profiler-bucket-allocator-block-count=8"
    "memorysetup-profiler-allocator-block-size=16777216"
    "memorysetup-profiler-editor-allocator-block-size=1048576"
    "memorysetup-temp-allocator-size-main=16777216"
    "memorysetup-job-temp-allocator-block-size=2097152"
    "memorysetup-job-temp-allocator-block-size-background=1048576"
    "memorysetup-job-temp-allocator-reduction-small-platforms=262144"
    "memorysetup-temp-allocator-size-background-worker=32768"
    "memorysetup-temp-allocator-size-job-worker=262144"
    "memorysetup-temp-allocator-size-preload-manager=33554432"
    "memorysetup-temp-allocator-size-nav-mesh-worker=65536"
    "memorysetup-temp-allocator-size-audio-worker=65536"
    "memorysetup-temp-allocator-size-cloud-worker=32768"
    "memorysetup-temp-allocator-size-gi-baking-worker=262144"
    "memorysetup-temp-allocator-size-gfx=262144"
Player connection [3736] Host "[IP] 192.168.3.34 [Port] 0 [Flags] 2 [Guid] 1493319342 [EditorId] 1493319342 [Version] 1048832 [Id] WindowsEditor(7,Peperoni) [Debug] 1 [PackageName] WindowsEditor [ProjectName] Editor" joined multi-casting on [225.0.0.222:54997]...

Player connection [3736] Host "[IP] 192.168.3.34 [Port] 0 [Flags] 2 [Guid] 1493319342 [EditorId] 1493319342 [Version] 1048832 [Id] WindowsEditor(7,Peperoni) [Debug] 1 [PackageName] WindowsEditor [ProjectName] Editor" joined alternative multi-casting on [225.0.0.222:34997]...

Refreshing native plugins compatible for Editor in 243.44 ms, found 4 plugins.
Preloading 0 native plugins for Editor in 0.00 ms.
Initialize engine version: 2021.3.15f1 (e8e88683f834)
[Subsystems] Discovering subsystems at path C:/Program Files/Unity/Hub/Editor/2021.3.15f1/Editor/Data/Resources/UnitySubsystems
[Subsystems] Discovering subsystems at path C:/Users/giuli/GitHub/GameDev/ProjetoFerias_07_23/ProjetoFerias_1/Assets
GfxDevice: creating device client; threaded=0; jobified=0
Direct3D:
    Version:  Direct3D 11.0 [level 11.1]
    Renderer: NVIDIA GeForce GTX 1650 (ID=0x1f99)
    Vendor:   NVIDIA
    VRAM:     3950 MB
    Driver:   31.0.15.3179
Initialize mono
Mono path[0] = 'C:/Program Files/Unity/Hub/Editor/2021.3.15f1/Editor/Data/Managed'
Mono path[1] = 'C:/Program Files/Unity/Hub/Editor/2021.3.15f1/Editor/Data/MonoBleedingEdge/lib/mono/unityjit-win32'
Mono config path = 'C:/Program Files/Unity/Hub/Editor/2021.3.15f1/Editor/Data/MonoBleedingEdge/etc'
Using monoOptions --debugger-agent=transport=dt_socket,embedding=1,server=y,suspend=n,address=127.0.0.1:56484
Begin MonoManager ReloadAssembly
Registering precompiled unity dll's ...
Register platform support module: C:/Program Files/Unity/Hub/Editor/2021.3.15f1/Editor/Data/PlaybackEngines/WebGLSupport/UnityEditor.WebGL.Extensions.dll
Register platform support module: C:/Program Files/Unity/Hub/Editor/2021.3.15f1/Editor/Data/PlaybackEngines/WindowsStandaloneSupport/UnityEditor.WindowsStandalone.Extensions.dll
Registered in 0.006785 seconds.
Native extension for WindowsStandalone target not found
Native extension for WebGL target not found
Refreshing native plugins compatible for Editor in 118.58 ms, found 4 plugins.
Preloading 0 native plugins for Editor in 0.00 ms.
Mono: successfully reloaded assembly
- Completed reload, in  0.658 seconds
Domain Reload Profiling:
	ReloadAssembly (659ms)
		BeginReloadAssembly (80ms)
			ExecutionOrderSort (0ms)
			DisableScriptedObjects (0ms)
			BackupInstance (0ms)
			ReleaseScriptingObjects (0ms)
			CreateAndSetChildDomain (1ms)
		EndReloadAssembly (471ms)
			LoadAssemblies (78ms)
			RebuildTransferFunctionScriptingTraits (1ms)
			SetupTypeCache (106ms)
			ReleaseScriptCaches (0ms)
			RebuildScriptCaches (29ms)
			SetupLoadedEditorAssemblies (287ms)
				LogAssemblyErrors (0ms)
				InitializePlatformSupportModulesInManaged (8ms)
				SetLoadedEditorAssemblies (0ms)
				RefreshPlugins (119ms)
				BeforeProcessingInitializeOnLoad (1ms)
				ProcessInitializeOnLoadAttributes (117ms)
				ProcessInitializeOnLoadMethodAttributes (42ms)
				AfterProcessingInitializeOnLoad (0ms)
				EditorAssembliesLoaded (0ms)
			ExecutionOrderSort2 (0ms)
			AwakeInstancesAfterBackupRestoration (0ms)
Platform modules already initialized, skipping
Registering precompiled user dll's ...
Registered in 0.007070 seconds.
Begin MonoManager ReloadAssembly
Native extension for WindowsStandalone target not found
Native extension for WebGL target not found
Refreshing native plugins compatible for Editor in 116.71 ms, found 4 plugins.
Preloading 0 native plugins for Editor in 0.00 ms.
Mono: successfully reloaded assembly
- Completed reload, in  1.397 seconds
Domain Reload Profiling:
	ReloadAssembly (1398ms)
		BeginReloadAssembly (109ms)
			ExecutionOrderSort (0ms)
			DisableScriptedObjects (5ms)
			BackupInstance (0ms)
			ReleaseScriptingObjects (0ms)
			CreateAndSetChildDomain (24ms)
		EndReloadAssembly (1175ms)
			LoadAssemblies (102ms)
			RebuildTransferFunctionScriptingTraits (0ms)
			SetupTypeCache (310ms)
			ReleaseScriptCaches (1ms)
			RebuildScriptCaches (67ms)
			SetupLoadedEditorAssemblies (650ms)
				LogAssemblyErrors (0ms)
				InitializePlatformSupportModulesInManaged (5ms)
				SetLoadedEditorAssemblies (0ms)
				RefreshPlugins (117ms)
				BeforeProcessingInitializeOnLoad (114ms)
				ProcessInitializeOnLoadAttributes (311ms)
				ProcessInitializeOnLoadMethodAttributes (97ms)
				AfterProcessingInitializeOnLoad (5ms)
				EditorAssembliesLoaded (0ms)
			ExecutionOrderSort2 (0ms)
			AwakeInstancesAfterBackupRestoration (5ms)
Platform modules already initialized, skipping
========================================================================
Worker process is ready to serve import requests
Launched and connected shader compiler UnityShaderCompiler.exe after 0.05 seconds
Refreshing native plugins compatible for Editor in 1.02 ms, found 4 plugins.
Preloading 0 native plugins for Editor in 0.00 ms.
Unloading 5803 Unused Serialized files (Serialized files now loaded: 0)
Unloading 52 unused Assets / (0.9 MB). Loaded Objects now: 6250.
Memory consumption went from 222.1 MB to 221.2 MB.
Total: 6.418300 ms (FindLiveObjects: 0.734500 ms CreateObjectMapping: 0.341800 ms MarkObjects: 4.735400 ms  DeleteObjects: 0.604700 ms)

AssetImportParameters requested are different than current active one (requested -> active):
  custom:video-decoder-ogg-theora: a1e56fd34408186e4bbccfd4996cb3dc -> 
  custom:container-muxer-webm: aa71ff27fc2769a1b78a27578f13a17b -> 
  custom:container-demuxer-webm: 4f35f7cbe854078d1ac9338744f61a02 -> 
  custom:video-encoder-webm-vp8: eb34c28f22e8b96e1ab97ce403110664 -> 
  custom:audio-encoder-webm-vorbis: bf7c407c2cedff20999df2af8eb42d56 -> 
  custom:framework-win-MediaFoundation: 216162199b28c13a410421893ffa2e32 -> 
  custom:container-demuxer-ogg: 62fdf1f143b41e24485cea50d1cbac27 -> 
  custom:video-decoder-webm-vp8: 9c59270c3fd7afecdb556c50c9e8de78 -> 
  custom:audio-decoder-ogg-vorbis: bf7c407c2cedff20999df2af8eb42d56 -> 
========================================================================
Received Import Request.
  Time since last request: 155967.440576 seconds.
  path: Assets/URP_Asset.asset
  artifactKey: Guid(56f5c22812aeed349842a283586a892e) Importer(815301076,1909f56bfc062723c751e8b465ee728b)
Start importing Assets/URP_Asset.asset using Guid(56f5c22812aeed349842a283586a892e) Importer(815301076,1909f56bfc062723c751e8b465ee728b)  -> (artifact id: '962373c44c80ac1b39b9d54744d6ca20') in 0.080766 seconds 
========================================================================
Received Import Request.
  Time since last request: 9.662734 seconds.
  path: Assets/URP_Asset2D.asset
  artifactKey: Guid(56f5c22812aeed349842a283586a892e) Importer(815301076,1909f56bfc062723c751e8b465ee728b)
Start importing Assets/URP_Asset2D.asset using Guid(56f5c22812aeed349842a283586a892e) Importer(815301076,1909f56bfc062723c751e8b465ee728b)  -> (artifact id: 'd3efc4fcb705406e36369d879a6ac5f6') in 0.024907 seconds 
========================================================================
Received Import Request.
  Time since last request: 41.615382 seconds.
  path: Assets/UniversalRenderPipelineGlobalSettings.asset
  artifactKey: Guid(535e2d926ee4c23489139ad3bf7eb7f7) Importer(815301076,1909f56bfc062723c751e8b465ee728b)
Start importing Assets/UniversalRenderPipelineGlobalSettings.asset using Guid(535e2d926ee4c23489139ad3bf7eb7f7) Importer(815301076,1909f56bfc062723c751e8b465ee728b)  -> (artifact id: '54b7421c817d38b4b4e8e0750e6b479f') in 0.013193 seconds 
========================================================================
Received Import Request.
  Time since last request: 245.249295 seconds.
  path: Assets/URP
  artifactKey: Guid(63b58a085fe8083499a210703ea51f07) Importer(815301076,1909f56bfc062723c751e8b465ee728b)
Start importing Assets/URP using Guid(63b58a085fe8083499a210703ea51f07) Importer(815301076,1909f56bfc062723c751e8b465ee728b)  -> (artifact id: '3e04f69ad1fcc0d0bc2e24c0015c50b2') in 0.015720 seconds 
========================================================================
Received Import Request.
  Time since last request: 51.763674 seconds.
  path: Assets/URP/New Universal Render Pipeline Asset.asset
  artifactKey: Guid(af2d5536bdc66dc419ca61bc78400e04) Importer(815301076,1909f56bfc062723c751e8b465ee728b)
Start importing Assets/URP/New Universal Render Pipeline Asset.asset using Guid(af2d5536bdc66dc419ca61bc78400e04) Importer(815301076,1909f56bfc062723c751e8b465ee728b)  -> (artifact id: '6a159280264c8611a171228b2ddf3e1e') in 0.106526 seconds 
========================================================================
Received Import Request.
  Time since last request: 40.160677 seconds.
  path: Assets/URP/URP Asset.asset
  artifactKey: Guid(af2d5536bdc66dc419ca61bc78400e04) Importer(815301076,1909f56bfc062723c751e8b465ee728b)
Start importing Assets/URP/URP Asset.asset using Guid(af2d5536bdc66dc419ca61bc78400e04) Importer(815301076,1909f56bfc062723c751e8b465ee728b)  -> (artifact id: '25d69e244adbd04e37d563779f86fa05') in 0.023318 seconds 
========================================================================
Received Import Request.
  Time since last request: 17.886564 seconds.
  path: Assets/URP/URP Asset_Renderer.asset
  artifactKey: Guid(c7c799b1710172a44af6518f6e2b1b9a) Importer(815301076,1909f56bfc062723c751e8b465ee728b)
Start importing Assets/URP/URP Asset_Renderer.asset using Guid(c7c799b1710172a44af6518f6e2b1b9a) Importer(815301076,1909f56bfc062723c751e8b465ee728b)  -> (artifact id: '691a011622421d8d1b6c5266b0dedd1f') in 0.026950 seconds 
========================================================================
Received Import Request.
  Time since last request: 143.746662 seconds.
  path: Assets/URP/New Universal Render Pipeline Asset.asset
  artifactKey: Guid(ecccd5da03c180f45a742df20f61b922) Importer(815301076,1909f56bfc062723c751e8b465ee728b)
Start importing Assets/URP/New Universal Render Pipeline Asset.asset using Guid(ecccd5da03c180f45a742df20f61b922) Importer(815301076,1909f56bfc062723c751e8b465ee728b)  -> (artifact id: '0bcb4830529f012d30e3c478a67e7540') in 0.028813 seconds 
========================================================================
Received Import Request.
  Time since last request: 1.736141 seconds.
  path: Assets/URP/New Universal Render Pipeline Asset_Renderer.asset
  artifactKey: Guid(c629c19fc16709844a0865beecfde690) Importer(815301076,1909f56bfc062723c751e8b465ee728b)
Start importing Assets/URP/New Universal Render Pipeline Asset_Renderer.asset using Guid(c629c19fc16709844a0865beecfde690) Importer(815301076,1909f56bfc062723c751e8b465ee728b)  -> (artifact id: '5368fa7d98f2ebe14f6fb3642ff5d741') in 0.013629 seconds 
========================================================================
Received Import Request.
  Time since last request: 199.928338 seconds.
  path: Assets/URP/URP Asset.asset
  artifactKey: Guid(ecccd5da03c180f45a742df20f61b922) Importer(815301076,1909f56bfc062723c751e8b465ee728b)
Start importing Assets/URP/URP Asset.asset using Guid(ecccd5da03c180f45a742df20f61b922) Importer(815301076,1909f56bfc062723c751e8b465ee728b)  -> (artifact id: 'de086373cc81ecc280f421eb4cba4650') in 0.016077 seconds 
========================================================================
Received Import Request.
  Time since last request: 120.706696 seconds.
  path: Assets/URP/2D URP Renderer.asset
  artifactKey: Guid(8554f37aa142061409067e6c9352bafb) Importer(815301076,1909f56bfc062723c751e8b465ee728b)
Start importing Assets/URP/2D URP Renderer.asset using Guid(8554f37aa142061409067e6c9352bafb) Importer(815301076,1909f56bfc062723c751e8b465ee728b)  -> (artifact id: 'e51be47b131ebc1c76b4d3adf8dd6001') in 0.020740 seconds 
========================================================================
Received Prepare
Switching render pipeline 00000000000000000000000000000000 -> ecccd5da03c180f45a742df20f61b922
Refreshing native plugins compatible for Editor in 17.18 ms, found 4 plugins.
Preloading 0 native plugins for Editor in 0.00 ms.
Unloading 88 Unused Serialized files (Serialized files now loaded: 0)
Unloading 37 unused Assets / (0.9 MB). Loaded Objects now: 6302.
Memory consumption went from 106.4 MB to 105.5 MB.
Total: 29.341900 ms (FindLiveObjects: 0.552000 ms CreateObjectMapping: 0.372100 ms MarkObjects: 27.914200 ms  DeleteObjects: 0.501600 ms)

AssetImportParameters requested are different than current active one (requested -> active):
  custom:video-decoder-ogg-theora: a1e56fd34408186e4bbccfd4996cb3dc -> 
  custom:container-muxer-webm: aa71ff27fc2769a1b78a27578f13a17b -> 
  custom:container-demuxer-webm: 4f35f7cbe854078d1ac9338744f61a02 -> 
  custom:video-encoder-webm-vp8: eb34c28f22e8b96e1ab97ce403110664 -> 
  custom:audio-encoder-webm-vorbis: bf7c407c2cedff20999df2af8eb42d56 -> 
  custom:framework-win-MediaFoundation: 216162199b28c13a410421893ffa2e32 -> 
  custom:container-demuxer-ogg: 62fdf1f143b41e24485cea50d1cbac27 -> 
  custom:video-decoder-webm-vp8: 9c59270c3fd7afecdb556c50c9e8de78 -> 
  custom:audio-decoder-ogg-vorbis: bf7c407c2cedff20999df2af8eb42d56 -> 
========================================================================
Received Import Request.
  Time since last request: 71.820390 seconds.
  path: Assets/URP/URP Asset.asset
  artifactKey: Guid(ecccd5da03c180f45a742df20f61b922) Importer(815301076,1909f56bfc062723c751e8b465ee728b)
Start importing Assets/URP/URP Asset.asset using Guid(ecccd5da03c180f45a742df20f61b922) Importer(815301076,1909f56bfc062723c751e8b465ee728b)  -> (artifact id: '2c660a616ddf5f9dbe4ea6c02a49f68a') in 0.024381 seconds 
========================================================================
Received Import Request.
  Time since last request: 128.593859 seconds.
  path: Assets/URP/UniversalRenderPipelineGlobalSettings.asset
  artifactKey: Guid(535e2d926ee4c23489139ad3bf7eb7f7) Importer(815301076,1909f56bfc062723c751e8b465ee728b)
Start importing Assets/URP/UniversalRenderPipelineGlobalSettings.asset using Guid(535e2d926ee4c23489139ad3bf7eb7f7) Importer(815301076,1909f56bfc062723c751e8b465ee728b)  -> (artifact id: '8152290663075ff068976161fd94745d') in 0.003850 seconds 
========================================================================
Received Import Request.
  Time since last request: 8.696180 seconds.
  path: Assets/URP/2D URP Renderer.asset
  artifactKey: Guid(8554f37aa142061409067e6c9352bafb) Importer(815301076,1909f56bfc062723c751e8b465ee728b)
Start importing Assets/URP/2D URP Renderer.asset using Guid(8554f37aa142061409067e6c9352bafb) Importer(815301076,1909f56bfc062723c751e8b465ee728b)  -> (artifact id: '9d1ebc3b1d79fe202de6f6d1b58b979a') in 0.003925 seconds 
========================================================================
Received Import Request.
  Time since last request: 42.395916 seconds.
  path: Assets/URP/UniversalRenderPipelineGlobalSettings.asset
  artifactKey: Guid(1fac1fe67324472489e8595b8b3112fc) Importer(815301076,1909f56bfc062723c751e8b465ee728b)
Start importing Assets/URP/UniversalRenderPipelineGlobalSettings.asset using Guid(1fac1fe67324472489e8595b8b3112fc) Importer(815301076,1909f56bfc062723c751e8b465ee728b)  -> (artifact id: '26bfd3242d4bc9c9a4fb22c8148e5513') in 0.003286 seconds 
========================================================================
Received Prepare
Refreshing native plugins compatible for Editor in 7.77 ms, found 4 plugins.
Preloading 0 native plugins for Editor in 0.00 ms.
Unloading 39 Unused Serialized files (Serialized files now loaded: 0)
Unloading 39 unused Assets / (0.9 MB). Loaded Objects now: 6302.
Memory consumption went from 104.8 MB to 103.9 MB.
Total: 7.836100 ms (FindLiveObjects: 0.595200 ms CreateObjectMapping: 0.460200 ms MarkObjects: 4.655300 ms  DeleteObjects: 2.123300 ms)

AssetImportParameters requested are different than current active one (requested -> active):
  custom:video-decoder-ogg-theora: a1e56fd34408186e4bbccfd4996cb3dc -> 
  custom:container-muxer-webm: aa71ff27fc2769a1b78a27578f13a17b -> 
  custom:container-demuxer-webm: 4f35f7cbe854078d1ac9338744f61a02 -> 
  custom:srp/default-shader: 00a0da0d000000000000000000000000 -> 0000e00a000e0de00000e000e02d0000
  custom:video-encoder-webm-vp8: eb34c28f22e8b96e1ab97ce403110664 -> 
  custom:audio-encoder-webm-vorbis: bf7c407c2cedff20999df2af8eb42d56 -> 
  custom:framework-win-MediaFoundation: 216162199b28c13a410421893ffa2e32 -> 
  custom:container-demuxer-ogg: 62fdf1f143b41e24485cea50d1cbac27 -> 
  custom:video-decoder-webm-vp8: 9c59270c3fd7afecdb556c50c9e8de78 -> 
  custom:audio-decoder-ogg-vorbis: bf7c407c2cedff20999df2af8eb42d56 -> 
========================================================================
Received Prepare
Refreshing native plugins compatible for Editor in 5.64 ms, found 4 plugins.
Preloading 0 native plugins for Editor in 0.00 ms.
Unloading 37 Unused Serialized files (Serialized files now loaded: 0)
Unloading 37 unused Assets / (0.9 MB). Loaded Objects now: 6302.
Memory consumption went from 104.7 MB to 103.8 MB.
Total: 5.187200 ms (FindLiveObjects: 0.628800 ms CreateObjectMapping: 0.220900 ms MarkObjects: 3.928000 ms  DeleteObjects: 0.407500 ms)

AssetImportParameters requested are different than current active one (requested -> active):
  custom:video-decoder-ogg-theora: a1e56fd34408186e4bbccfd4996cb3dc -> 
  custom:container-muxer-webm: aa71ff27fc2769a1b78a27578f13a17b -> 
  custom:container-demuxer-webm: 4f35f7cbe854078d1ac9338744f61a02 -> 
  custom:video-encoder-webm-vp8: eb34c28f22e8b96e1ab97ce403110664 -> 
  custom:audio-encoder-webm-vorbis: bf7c407c2cedff20999df2af8eb42d56 -> 
  custom:framework-win-MediaFoundation: 216162199b28c13a410421893ffa2e32 -> 
  custom:container-demuxer-ogg: 62fdf1f143b41e24485cea50d1cbac27 -> 
  custom:video-decoder-webm-vp8: 9c59270c3fd7afecdb556c50c9e8de78 -> 
  custom:audio-decoder-ogg-vorbis: bf7c407c2cedff20999df2af8eb42d56 -> 
